<?xml version="1.0" encoding="UTF-8"?>
<!-- Generated by org.testng.reporters.JUnitReportReporter -->
<testsuite hostname="CIPL482" name="Register.RegisterTest" tests="2" failures="0" timestamp="12 Dec 2019 15:12:57 GMT" time="17.269" errors="0">
  <testcase name="getData" time="11.780" classname="Register.RegisterTest"/>
  <testcase name="Register" time="5.489" classname="Register.RegisterTest"/>
</testsuite> <!-- Register.RegisterTest -->
